[debug] [2023-03-19T09:09:44.807Z] ----------------------------------------------------------------------
[debug] [2023-03-19T09:09:44.807Z] Command:       /usr/local/bin/node /usr/local/bin/firebase init
[debug] [2023-03-19T09:09:44.808Z] CLI Version:   11.24.1
[debug] [2023-03-19T09:09:44.808Z] Platform:      darwin
[debug] [2023-03-19T09:09:44.808Z] Node Version:  v18.15.0
[debug] [2023-03-19T09:09:44.808Z] Time:          Sun Mar 19 2023 02:09:44 GMT-0700 (Pacific Daylight Time)
[debug] [2023-03-19T09:09:44.808Z] ----------------------------------------------------------------------
[debug] 
[debug] [2023-03-19T09:09:44.811Z] > command requires scopes: ["email","openid","https://www.googleapis.com/auth/cloudplatformprojects.readonly","https://www.googleapis.com/auth/firebase","https://www.googleapis.com/auth/cloud-platform"]
[debug] [2023-03-19T09:09:44.811Z] > authorizing via signed-in user (knightdips@gmail.com)
[info] 
     ######## #### ########  ######## ########     ###     ######  ########
     ##        ##  ##     ## ##       ##     ##  ##   ##  ##       ##
     ######    ##  ########  ######   ########  #########  ######  ######
     ##        ##  ##    ##  ##       ##     ## ##     ##       ## ##
     ##       #### ##     ## ######## ########  ##     ##  ######  ########

You're about to initialize a Firebase project in this directory:

  /Users/jkang/repos/mywebsite

[info] 
=== Project Setup
[info] 
[info] First, let's associate this project directory with a Firebase project.
[info] You can create multiple project aliases by running firebase use --add, 
[info] but for now we'll just set up a default project.
[info] 
[info] i  If you want to create a project in a Google Cloud organization or folder, please use "firebase projects:create" instead, and return to this command when you've created the project. 
[debug] [2023-03-19T09:10:02.708Z] >>> [apiv2][query] POST https://cloudresourcemanager.googleapis.com/v1/projects [none]
[debug] [2023-03-19T09:10:02.708Z] >>> [apiv2][body] POST https://cloudresourcemanager.googleapis.com/v1/projects {"projectId":"websiteJK025","name":"websiteJK025"}
[debug] [2023-03-19T09:10:03.008Z] <<< [apiv2][status] POST https://cloudresourcemanager.googleapis.com/v1/projects 400
[debug] [2023-03-19T09:10:03.009Z] <<< [apiv2][body] POST https://cloudresourcemanager.googleapis.com/v1/projects {"error":{"code":400,"message":"field [project_id] has issue [project_id contains invalid characters]","status":"INVALID_ARGUMENT","details":[{"@type":"type.googleapis.com/google.rpc.BadRequest","fieldViolations":[{"field":"project_id","description":"project_id contains invalid characters"}]},{"@type":"type.googleapis.com/google.rpc.Help","links":[{"url":"https://cloud.google.com/resource-manager/reference/rest/v1/projects"}]}]}}
[debug] [2023-03-19T09:10:03.048Z] FirebaseError: HTTP Error: 400, field [project_id] has issue [project_id contains invalid characters]
    at responseToError (/usr/local/lib/node_modules/firebase-tools/lib/responseToError.js:49:12)
    at RetryOperation._fn (/usr/local/lib/node_modules/firebase-tools/lib/apiv2.js:288:77)
    at process.processTicksAndRejections (node:internal/process/task_queues:95:5)
[error] 
[error] Error: Failed to create project. See firebase-debug.log for more info.
[debug] [2023-03-19T09:10:47.257Z] ----------------------------------------------------------------------
[debug] [2023-03-19T09:10:47.258Z] Command:       /usr/local/bin/node /usr/local/bin/firebase --debug emulators:start
[debug] [2023-03-19T09:10:47.258Z] CLI Version:   11.24.1
[debug] [2023-03-19T09:10:47.258Z] Platform:      darwin
[debug] [2023-03-19T09:10:47.258Z] Node Version:  v18.15.0
[debug] [2023-03-19T09:10:47.259Z] Time:          Sun Mar 19 2023 02:10:47 GMT-0700 (Pacific Daylight Time)
[debug] [2023-03-19T09:10:47.259Z] ----------------------------------------------------------------------
[debug] 
[debug] [2023-03-19T09:10:47.307Z] > command requires scopes: ["email","openid","https://www.googleapis.com/auth/cloudplatformprojects.readonly","https://www.googleapis.com/auth/firebase","https://www.googleapis.com/auth/cloud-platform"]
[debug] [2023-03-19T09:10:47.307Z] > authorizing via signed-in user (knightdips@gmail.com)
[error] 
[error] Error: Not in a Firebase app directory (could not locate firebase.json)
